<?xml version="1.0" encoding="UTF-8"?>
<!-- Generated by org.testng.reporters.JUnitXMLReporter -->
<testsuite hostname="ETVL114568" name="Regression2" tests="59" failures="0" timestamp="23 Apr 2019 08:00:48 GMT" time="0.483" errors="0">
  <testcase name="@BeforeClass launchApp" time="0.0" classname="com.LorealPages_TestCases.HomePageHeader">
    <failure type="java.lang.NullPointerException">
      <![CDATA[java.lang.NullPointerException
	at com.LorealPages.BaseClass.launchApp(BaseClass.java:47)
... Removed 24 stack frames]]>
    </failure>
  </testcase> <!-- @BeforeClass launchApp -->
  <testcase name="@AfterMethod takeScreenshot" time="0.0" classname="com.LorealPages_TestCases.HomePageHeader">
    <skipped/>
  </testcase> <!-- @AfterMethod takeScreenshot -->
  <testcase name="@AfterMethod takeScreenshot" time="0.0" classname="com.LorealPages_TestCases.HomePageHeader">
    <skipped/>
  </testcase> <!-- @AfterMethod takeScreenshot -->
  <testcase name="@BeforeClass launchApp" time="0.0" classname="com.LorealPages_TestCases.MegaMenu">
    <skipped/>
  </testcase> <!-- @BeforeClass launchApp -->
  <testcase name="@AfterMethod takeScreenshot" time="0.0" classname="com.LorealPages_TestCases.MegaMenu">
    <skipped/>
  </testcase> <!-- @AfterMethod takeScreenshot -->
  <testcase name="@AfterMethod takeScreenshot" time="0.0" classname="com.LorealPages_TestCases.MegaMenu">
    <skipped/>
  </testcase> <!-- @AfterMethod takeScreenshot -->
  <testcase name="@AfterMethod takeScreenshot" time="0.0" classname="com.LorealPages_TestCases.MegaMenu">
    <skipped/>
  </testcase> <!-- @AfterMethod takeScreenshot -->
  <testcase name="@AfterMethod takeScreenshot" time="0.0" classname="com.LorealPages_TestCases.MegaMenu">
    <skipped/>
  </testcase> <!-- @AfterMethod takeScreenshot -->
  <testcase name="@AfterMethod takeScreenshot" time="0.0" classname="com.LorealPages_TestCases.MegaMenu">
    <skipped/>
  </testcase> <!-- @AfterMethod takeScreenshot -->
  <testcase name="@AfterMethod takeScreenshot" time="0.006" classname="com.LorealPages_TestCases.MegaMenu">
    <skipped/>
  </testcase> <!-- @AfterMethod takeScreenshot -->
  <testcase name="@AfterMethod takeScreenshot" time="0.0" classname="com.LorealPages_TestCases.MegaMenu">
    <skipped/>
  </testcase> <!-- @AfterMethod takeScreenshot -->
  <testcase name="@AfterMethod takeScreenshot" time="0.0" classname="com.LorealPages_TestCases.MegaMenu">
    <skipped/>
  </testcase> <!-- @AfterMethod takeScreenshot -->
  <testcase name="@AfterMethod takeScreenshot" time="0.0" classname="com.LorealPages_TestCases.MegaMenu">
    <skipped/>
  </testcase> <!-- @AfterMethod takeScreenshot -->
  <testcase name="@AfterMethod takeScreenshot" time="0.0" classname="com.LorealPages_TestCases.MegaMenu">
    <skipped/>
  </testcase> <!-- @AfterMethod takeScreenshot -->
  <testcase name="@BeforeClass launchApp" time="0.0" classname="com.LorealPages_TestCases.HairStyling">
    <skipped/>
  </testcase> <!-- @BeforeClass launchApp -->
  <testcase name="@AfterMethod takeScreenshot" time="0.0" classname="com.LorealPages_TestCases.HairStyling">
    <skipped/>
  </testcase> <!-- @AfterMethod takeScreenshot -->
  <testcase name="@AfterMethod takeScreenshot" time="0.0" classname="com.LorealPages_TestCases.HairStyling">
    <skipped/>
  </testcase> <!-- @AfterMethod takeScreenshot -->
  <testcase name="@AfterMethod takeScreenshot" time="0.0" classname="com.LorealPages_TestCases.HairStyling">
    <skipped/>
  </testcase> <!-- @AfterMethod takeScreenshot -->
  <testcase name="@AfterMethod takeScreenshot" time="0.0" classname="com.LorealPages_TestCases.HairStyling">
    <skipped/>
  </testcase> <!-- @AfterMethod takeScreenshot -->
  <testcase name="@AfterMethod takeScreenshot" time="0.0" classname="com.LorealPages_TestCases.HairStyling">
    <skipped/>
  </testcase> <!-- @AfterMethod takeScreenshot -->
  <testcase name="@AfterMethod takeScreenshot" time="0.0" classname="com.LorealPages_TestCases.HairStyling">
    <skipped/>
  </testcase> <!-- @AfterMethod takeScreenshot -->
  <testcase name="@AfterMethod takeScreenshot" time="0.0" classname="com.LorealPages_TestCases.HairStyling">
    <skipped/>
  </testcase> <!-- @AfterMethod takeScreenshot -->
  <testcase name="@BeforeClass launchApp" time="0.0" classname="com.LorealPages_TestCases.MakeUp">
    <skipped/>
  </testcase> <!-- @BeforeClass launchApp -->
  <testcase name="@AfterMethod takeScreenshot" time="0.0" classname="com.LorealPages_TestCases.MakeUp">
    <skipped/>
  </testcase> <!-- @AfterMethod takeScreenshot -->
  <testcase name="@AfterMethod takeScreenshot" time="0.0" classname="com.LorealPages_TestCases.MakeUp">
    <skipped/>
  </testcase> <!-- @AfterMethod takeScreenshot -->
  <testcase name="@AfterMethod takeScreenshot" time="0.0" classname="com.LorealPages_TestCases.MakeUp">
    <skipped/>
  </testcase> <!-- @AfterMethod takeScreenshot -->
  <testcase name="@AfterMethod takeScreenshot" time="0.0" classname="com.LorealPages_TestCases.MakeUp">
    <skipped/>
  </testcase> <!-- @AfterMethod takeScreenshot -->
  <testcase name="@AfterMethod takeScreenshot" time="0.0" classname="com.LorealPages_TestCases.MakeUp">
    <skipped/>
  </testcase> <!-- @AfterMethod takeScreenshot -->
  <testcase name="@AfterMethod takeScreenshot" time="0.0" classname="com.LorealPages_TestCases.MakeUp">
    <skipped/>
  </testcase> <!-- @AfterMethod takeScreenshot -->
  <testcase name="@AfterMethod takeScreenshot" time="0.0" classname="com.LorealPages_TestCases.MakeUp">
    <skipped/>
  </testcase> <!-- @AfterMethod takeScreenshot -->
  <testcase name="@BeforeClass launchApp" time="0.0" classname="com.LorealPages_TestCases.SkinCare">
    <skipped/>
  </testcase> <!-- @BeforeClass launchApp -->
  <testcase name="@AfterMethod takeScreenshot" time="0.0" classname="com.LorealPages_TestCases.SkinCare">
    <skipped/>
  </testcase> <!-- @AfterMethod takeScreenshot -->
  <testcase name="@AfterMethod takeScreenshot" time="0.0" classname="com.LorealPages_TestCases.SkinCare">
    <skipped/>
  </testcase> <!-- @AfterMethod takeScreenshot -->
  <testcase name="@AfterMethod takeScreenshot" time="0.0" classname="com.LorealPages_TestCases.SkinCare">
    <skipped/>
  </testcase> <!-- @AfterMethod takeScreenshot -->
  <testcase name="@AfterMethod takeScreenshot" time="0.0" classname="com.LorealPages_TestCases.SkinCare">
    <skipped/>
  </testcase> <!-- @AfterMethod takeScreenshot -->
  <testcase name="@AfterMethod takeScreenshot" time="0.0" classname="com.LorealPages_TestCases.SkinCare">
    <skipped/>
  </testcase> <!-- @AfterMethod takeScreenshot -->
  <testcase name="@AfterMethod takeScreenshot" time="0.0" classname="com.LorealPages_TestCases.SkinCare">
    <skipped/>
  </testcase> <!-- @AfterMethod takeScreenshot -->
  <testcase name="@AfterMethod takeScreenshot" time="0.0" classname="com.LorealPages_TestCases.SkinCare">
    <skipped/>
  </testcase> <!-- @AfterMethod takeScreenshot -->
  <testcase name="@BeforeClass launchApp" time="0.0" classname="com.LorealPages_TestCases.HairCare">
    <skipped/>
  </testcase> <!-- @BeforeClass launchApp -->
  <testcase name="@AfterMethod takeScreenshot" time="0.0" classname="com.LorealPages_TestCases.HairCare">
    <skipped/>
  </testcase> <!-- @AfterMethod takeScreenshot -->
  <testcase name="@AfterMethod takeScreenshot" time="0.0" classname="com.LorealPages_TestCases.HairCare">
    <skipped/>
  </testcase> <!-- @AfterMethod takeScreenshot -->
  <testcase name="@AfterMethod takeScreenshot" time="0.0" classname="com.LorealPages_TestCases.HairCare">
    <skipped/>
  </testcase> <!-- @AfterMethod takeScreenshot -->
  <testcase name="@AfterMethod takeScreenshot" time="0.0" classname="com.LorealPages_TestCases.HairCare">
    <skipped/>
  </testcase> <!-- @AfterMethod takeScreenshot -->
  <testcase name="@AfterMethod takeScreenshot" time="0.0" classname="com.LorealPages_TestCases.HairCare">
    <skipped/>
  </testcase> <!-- @AfterMethod takeScreenshot -->
  <testcase name="@AfterMethod takeScreenshot" time="0.0" classname="com.LorealPages_TestCases.HairCare">
    <skipped/>
  </testcase> <!-- @AfterMethod takeScreenshot -->
  <testcase name="@AfterMethod takeScreenshot" time="0.0" classname="com.LorealPages_TestCases.HairCare">
    <skipped/>
  </testcase> <!-- @AfterMethod takeScreenshot -->
  <testcase name="@BeforeClass launchApp" time="0.0" classname="com.LorealPages_TestCases.HairColor">
    <skipped/>
  </testcase> <!-- @BeforeClass launchApp -->
  <testcase name="@AfterMethod takeScreenshot" time="0.0" classname="com.LorealPages_TestCases.HairColor">
    <skipped/>
  </testcase> <!-- @AfterMethod takeScreenshot -->
  <testcase name="@AfterMethod takeScreenshot" time="0.0" classname="com.LorealPages_TestCases.HairColor">
    <skipped/>
  </testcase> <!-- @AfterMethod takeScreenshot -->
  <testcase name="@AfterMethod takeScreenshot" time="0.0" classname="com.LorealPages_TestCases.HairColor">
    <skipped/>
  </testcase> <!-- @AfterMethod takeScreenshot -->
  <testcase name="@AfterMethod takeScreenshot" time="0.0" classname="com.LorealPages_TestCases.HairColor">
    <skipped/>
  </testcase> <!-- @AfterMethod takeScreenshot -->
  <testcase name="@AfterMethod takeScreenshot" time="0.0" classname="com.LorealPages_TestCases.HairColor">
    <skipped/>
  </testcase> <!-- @AfterMethod takeScreenshot -->
  <testcase name="@AfterMethod takeScreenshot" time="0.0" classname="com.LorealPages_TestCases.HairColor">
    <skipped/>
  </testcase> <!-- @AfterMethod takeScreenshot -->
  <testcase name="@AfterMethod takeScreenshot" time="0.0" classname="com.LorealPages_TestCases.HairColor">
    <skipped/>
  </testcase> <!-- @AfterMethod takeScreenshot -->
  <testcase name="@BeforeClass launchApp" time="0.0" classname="com.LorealPages_TestCases.MenExpert">
    <skipped/>
  </testcase> <!-- @BeforeClass launchApp -->
  <testcase name="@AfterMethod takeScreenshot" time="0.0" classname="com.LorealPages_TestCases.MenExpert">
    <skipped/>
  </testcase> <!-- @AfterMethod takeScreenshot -->
  <testcase name="@AfterMethod takeScreenshot" time="0.0" classname="com.LorealPages_TestCases.MenExpert">
    <skipped/>
  </testcase> <!-- @AfterMethod takeScreenshot -->
  <testcase name="@AfterMethod takeScreenshot" time="0.0" classname="com.LorealPages_TestCases.MenExpert">
    <skipped/>
  </testcase> <!-- @AfterMethod takeScreenshot -->
  <testcase name="@AfterMethod takeScreenshot" time="0.0" classname="com.LorealPages_TestCases.MenExpert">
    <skipped/>
  </testcase> <!-- @AfterMethod takeScreenshot -->
  <testcase name="@AfterMethod takeScreenshot" time="0.0" classname="com.LorealPages_TestCases.MenExpert">
    <skipped/>
  </testcase> <!-- @AfterMethod takeScreenshot -->
  <testcase name="@AfterMethod takeScreenshot" time="0.0" classname="com.LorealPages_TestCases.MenExpert">
    <skipped/>
  </testcase> <!-- @AfterMethod takeScreenshot -->
  <testcase name="@AfterMethod takeScreenshot" time="0.0" classname="com.LorealPages_TestCases.MenExpert">
    <skipped/>
  </testcase> <!-- @AfterMethod takeScreenshot -->
  <testcase name="@BeforeClass launchApp" time="0.0" classname="com.LorealPages_TestCases.BeautyGenius">
    <skipped/>
  </testcase> <!-- @BeforeClass launchApp -->
  <testcase name="@AfterMethod takeScreenshot" time="0.0" classname="com.LorealPages_TestCases.BeautyGenius">
    <skipped/>
  </testcase> <!-- @AfterMethod takeScreenshot -->
  <testcase name="@AfterMethod takeScreenshot" time="0.0" classname="com.LorealPages_TestCases.BeautyGenius">
    <skipped/>
  </testcase> <!-- @AfterMethod takeScreenshot -->
  <testcase name="@AfterMethod takeScreenshot" time="0.0" classname="com.LorealPages_TestCases.BeautyGenius">
    <skipped/>
  </testcase> <!-- @AfterMethod takeScreenshot -->
  <testcase name="@AfterMethod takeScreenshot" time="0.0" classname="com.LorealPages_TestCases.BeautyGenius">
    <skipped/>
  </testcase> <!-- @AfterMethod takeScreenshot -->
  <testcase name="@AfterMethod takeScreenshot" time="0.0" classname="com.LorealPages_TestCases.BeautyGenius">
    <skipped/>
  </testcase> <!-- @AfterMethod takeScreenshot -->
  <testcase name="verifyLogo" time="0.003" classname="com.LorealPages_TestCases.HomePageHeader">
    <skipped/>
  </testcase> <!-- verifyLogo -->
  <testcase name="clickOnLogo" time="0.002" classname="com.LorealPages_TestCases.HomePageHeader">
    <skipped/>
  </testcase> <!-- clickOnLogo -->
  <testcase name="clickMegamenu" time="0.001" classname="com.LorealPages_TestCases.MegaMenu">
    <skipped/>
  </testcase> <!-- clickMegamenu -->
  <testcase name="clickonHairStyling" time="0.001" classname="com.LorealPages_TestCases.MegaMenu">
    <skipped/>
  </testcase> <!-- clickonHairStyling -->
  <testcase name="clickonMakeup" time="0.001" classname="com.LorealPages_TestCases.MegaMenu">
    <skipped/>
  </testcase> <!-- clickonMakeup -->
  <testcase name="clickonSkinCare" time="0.002" classname="com.LorealPages_TestCases.MegaMenu">
    <skipped/>
  </testcase> <!-- clickonSkinCare -->
  <testcase name="clickonHairCare" time="0.001" classname="com.LorealPages_TestCases.MegaMenu">
    <skipped/>
  </testcase> <!-- clickonHairCare -->
  <testcase name="clickonHairColor" time="0.002" classname="com.LorealPages_TestCases.MegaMenu">
    <skipped/>
  </testcase> <!-- clickonHairColor -->
  <testcase name="clickonNewMen" time="0.002" classname="com.LorealPages_TestCases.MegaMenu">
    <skipped/>
  </testcase> <!-- clickonNewMen -->
  <testcase name="clickonInspireMe" time="0.006" classname="com.LorealPages_TestCases.MegaMenu">
    <skipped/>
  </testcase> <!-- clickonInspireMe -->
  <testcase name="clickonTips" time="0.002" classname="com.LorealPages_TestCases.MegaMenu">
    <skipped/>
  </testcase> <!-- clickonTips -->
  <testcase name="clickonTutorials" time="0.002" classname="com.LorealPages_TestCases.MegaMenu">
    <skipped/>
  </testcase> <!-- clickonTutorials -->
  <testcase name="verifyhairStylePath" time="0.001" classname="com.LorealPages_TestCases.HairStyling">
    <skipped/>
  </testcase> <!-- verifyhairStylePath -->
  <testcase name="verifyhairStyleHeader" time="0.002" classname="com.LorealPages_TestCases.HairStyling">
    <skipped/>
  </testcase> <!-- verifyhairStyleHeader -->
  <testcase name="verifyhairStyleDescription" time="0.002" classname="com.LorealPages_TestCases.HairStyling">
    <skipped/>
  </testcase> <!-- verifyhairStyleDescription -->
  <testcase name="verifyhairStyleAllProducts" time="0.005" classname="com.LorealPages_TestCases.HairStyling">
    <skipped/>
  </testcase> <!-- verifyhairStyleAllProducts -->
  <testcase name="verifyhairStyleProductGrid" time="0.002" classname="com.LorealPages_TestCases.HairStyling">
    <skipped/>
  </testcase> <!-- verifyhairStyleProductGrid -->
  <testcase name="verifyhairStyleLoadMoreButton" time="0.003" classname="com.LorealPages_TestCases.HairStyling">
    <skipped/>
  </testcase> <!-- verifyhairStyleLoadMoreButton -->
  <testcase name="verifyLoadMoreisClickable" time="0.001" classname="com.LorealPages_TestCases.HairStyling">
    <skipped/>
  </testcase> <!-- verifyLoadMoreisClickable -->
  <testcase name="verifymakeUpPath" time="0.004" classname="com.LorealPages_TestCases.MakeUp">
    <skipped/>
  </testcase> <!-- verifymakeUpPath -->
  <testcase name="verifymakeUpHeader" time="0.002" classname="com.LorealPages_TestCases.MakeUp">
    <skipped/>
  </testcase> <!-- verifymakeUpHeader -->
  <testcase name="verifymakeUpDescription" time="0.002" classname="com.LorealPages_TestCases.MakeUp">
    <skipped/>
  </testcase> <!-- verifymakeUpDescription -->
  <testcase name="verifymakeUpAllProducts" time="0.001" classname="com.LorealPages_TestCases.MakeUp">
    <skipped/>
  </testcase> <!-- verifymakeUpAllProducts -->
  <testcase name="verifymakeUpProductGrid" time="0.001" classname="com.LorealPages_TestCases.MakeUp">
    <skipped/>
  </testcase> <!-- verifymakeUpProductGrid -->
  <testcase name="verifymakeUpLoadMoreButton" time="0.001" classname="com.LorealPages_TestCases.MakeUp">
    <skipped/>
  </testcase> <!-- verifymakeUpLoadMoreButton -->
  <testcase name="verifyLoadMoreisClickable" time="0.002" classname="com.LorealPages_TestCases.MakeUp">
    <skipped/>
  </testcase> <!-- verifyLoadMoreisClickable -->
  <testcase name="verifyskinCarePathPath" time="0.004" classname="com.LorealPages_TestCases.SkinCare">
    <skipped/>
  </testcase> <!-- verifyskinCarePathPath -->
  <testcase name="verifyskinCareHeader" time="0.002" classname="com.LorealPages_TestCases.SkinCare">
    <skipped/>
  </testcase> <!-- verifyskinCareHeader -->
  <testcase name="verifyskinCareDescription" time="0.003" classname="com.LorealPages_TestCases.SkinCare">
    <skipped/>
  </testcase> <!-- verifyskinCareDescription -->
  <testcase name="verifyskinCareAllProducts" time="0.001" classname="com.LorealPages_TestCases.SkinCare">
    <skipped/>
  </testcase> <!-- verifyskinCareAllProducts -->
  <testcase name="verifyskinCareProductGrid" time="0.002" classname="com.LorealPages_TestCases.SkinCare">
    <skipped/>
  </testcase> <!-- verifyskinCareProductGrid -->
  <testcase name="verifyskinCareLoadMoreButton" time="0.001" classname="com.LorealPages_TestCases.SkinCare">
    <skipped/>
  </testcase> <!-- verifyskinCareLoadMoreButton -->
  <testcase name="verifyLoadMoreisClickable" time="0.001" classname="com.LorealPages_TestCases.SkinCare">
    <skipped/>
  </testcase> <!-- verifyLoadMoreisClickable -->
  <testcase name="verifyhairCarePathPath" time="0.002" classname="com.LorealPages_TestCases.HairCare">
    <skipped/>
  </testcase> <!-- verifyhairCarePathPath -->
  <testcase name="verifyhairCareHeader" time="0.001" classname="com.LorealPages_TestCases.HairCare">
    <skipped/>
  </testcase> <!-- verifyhairCareHeader -->
  <testcase name="verifyhairCareDescription" time="0.001" classname="com.LorealPages_TestCases.HairCare">
    <skipped/>
  </testcase> <!-- verifyhairCareDescription -->
  <testcase name="verifyhairCareAllProducts" time="0.001" classname="com.LorealPages_TestCases.HairCare">
    <skipped/>
  </testcase> <!-- verifyhairCareAllProducts -->
  <testcase name="verifyhairCareProductGrid" time="0.001" classname="com.LorealPages_TestCases.HairCare">
    <skipped/>
  </testcase> <!-- verifyhairCareProductGrid -->
  <testcase name="verifyhairCareLoadMoreButton" time="0.001" classname="com.LorealPages_TestCases.HairCare">
    <skipped/>
  </testcase> <!-- verifyhairCareLoadMoreButton -->
  <testcase name="verifyLoadMoreisClickable" time="0.001" classname="com.LorealPages_TestCases.HairCare">
    <skipped/>
  </testcase> <!-- verifyLoadMoreisClickable -->
  <testcase name="verifyhairColorPathPath" time="0.001" classname="com.LorealPages_TestCases.HairColor">
    <skipped/>
  </testcase> <!-- verifyhairColorPathPath -->
  <testcase name="verifyhairColorHeader" time="0.001" classname="com.LorealPages_TestCases.HairColor">
    <skipped/>
  </testcase> <!-- verifyhairColorHeader -->
  <testcase name="verifyhairColorDescription" time="0.002" classname="com.LorealPages_TestCases.HairColor">
    <skipped/>
  </testcase> <!-- verifyhairColorDescription -->
  <testcase name="verifyhairColorAllProducts" time="0.001" classname="com.LorealPages_TestCases.HairColor">
    <skipped/>
  </testcase> <!-- verifyhairColorAllProducts -->
  <testcase name="verifyhairColorProductGrid" time="0.001" classname="com.LorealPages_TestCases.HairColor">
    <skipped/>
  </testcase> <!-- verifyhairColorProductGrid -->
  <testcase name="verifyhairColorLoadMoreButton" time="0.005" classname="com.LorealPages_TestCases.HairColor">
    <skipped/>
  </testcase> <!-- verifyhairColorLoadMoreButton -->
  <testcase name="verifyLoadMoreisClickable" time="0.001" classname="com.LorealPages_TestCases.HairColor">
    <skipped/>
  </testcase> <!-- verifyLoadMoreisClickable -->
  <testcase name="verifymenExpertPathPath" time="0.002" classname="com.LorealPages_TestCases.MenExpert">
    <skipped/>
  </testcase> <!-- verifymenExpertPathPath -->
  <testcase name="verifymenExpertHeader" time="0.002" classname="com.LorealPages_TestCases.MenExpert">
    <skipped/>
  </testcase> <!-- verifymenExpertHeader -->
  <testcase name="verifymenExpertDescription" time="0.003" classname="com.LorealPages_TestCases.MenExpert">
    <skipped/>
  </testcase> <!-- verifymenExpertDescription -->
  <testcase name="verifymenExpertAllProducts" time="0.001" classname="com.LorealPages_TestCases.MenExpert">
    <skipped/>
  </testcase> <!-- verifymenExpertAllProducts -->
  <testcase name="verifymenExpertProductGrid" time="0.002" classname="com.LorealPages_TestCases.MenExpert">
    <skipped/>
  </testcase> <!-- verifymenExpertProductGrid -->
  <testcase name="verifymenExpertLoadMoreButton" time="0.002" classname="com.LorealPages_TestCases.MenExpert">
    <skipped/>
  </testcase> <!-- verifymenExpertLoadMoreButton -->
  <testcase name="verifyLoadMoreisClickable" time="0.002" classname="com.LorealPages_TestCases.MenExpert">
    <skipped/>
  </testcase> <!-- verifyLoadMoreisClickable -->
  <testcase name="verifybeautyGeniusIcon" time="0.001" classname="com.LorealPages_TestCases.BeautyGenius">
    <skipped/>
  </testcase> <!-- verifybeautyGeniusIcon -->
  <testcase name="verifybeautyGeniusLogo" time="0.003" classname="com.LorealPages_TestCases.BeautyGenius">
    <skipped/>
  </testcase> <!-- verifybeautyGeniusLogo -->
  <testcase name="verifybeautyGeniusHeader" time="0.002" classname="com.LorealPages_TestCases.BeautyGenius">
    <skipped/>
  </testcase> <!-- verifybeautyGeniusHeader -->
  <testcase name="verifybeautyGeniusRegistrationForm" time="0.002" classname="com.LorealPages_TestCases.BeautyGenius">
    <skipped/>
  </testcase> <!-- verifybeautyGeniusRegistrationForm -->
  <testcase name="verifymenExpertProductGrid" time="0.002" classname="com.LorealPages_TestCases.BeautyGenius">
    <skipped/>
  </testcase> <!-- verifymenExpertProductGrid -->
</testsuite> <!-- Regression2 -->
