<?xml version="1.0" encoding="UTF-8"?>
<!-- Generated by org.testng.reporters.JUnitXMLReporter -->
<testsuite hostname="ETVL114568" name="LOPTest1" tests="2" failures="1" timestamp="25 Apr 2019 11:04:55 GMT" time="20.434" errors="0">
  <testcase name="@AfterMethod takeScreenshot" time="0.0" classname="com.LorealPages_TestCases.MegaMenu">
    <failure type="java.lang.NullPointerException">
      <![CDATA[java.lang.NullPointerException
	at com.LorealPages_Utilities.CommonUtilities.captureScreenshot(CommonUtilities.java:23)
	at com.LorealPages.BaseClass.takeScreenshot(BaseClass.java:67)
... Removed 26 stack frames]]>
    </failure>
  </testcase> <!-- @AfterMethod takeScreenshot -->
  <testcase name="verifyLogo" time="16.496" classname="com.LorealPages_TestCases.HomePageHeader"/>
  <testcase name="clickMegamenu" time="0.003" classname="com.LorealPages_TestCases.MegaMenu">
    <failure type="java.lang.NullPointerException">
      <![CDATA[java.lang.NullPointerException
	at com.LorealPages_TestCases.MegaMenu.clickMegamenu(MegaMenu.java:16)
... Removed 24 stack frames]]>
    </failure>
  </testcase> <!-- clickMegamenu -->
</testsuite> <!-- LOPTest1 -->
